[INFO] Scanning for projects...
[INFO]                                                                         
[INFO] ------------------------------------------------------------------------
[INFO] Building simple-it 1.0-SNAPSHOT
[INFO] ------------------------------------------------------------------------
[INFO] 
[INFO] --- script-maven-plugin:1.0-SNAPSHOT:execute (hello) @ simple-it ---
[INFO] engine: ruby
[INFO] hello from pom
[INFO] simple-it
[INFO] 1.0-SNAPSHOT
[INFO] /home/yendoh/workspace/script-maven-plugin/src/it/ruby
[INFO] simple-it-1.0-SNAPSHOT
[INFO] /home/yendoh/workspace/script-maven-plugin/src/it/ruby/target
[INFO] /home/yendoh/workspace/script-maven-plugin/src/it/ruby/target/classes
[INFO] /home/yendoh/.m2/repository
[INFO] /home/yendoh/workspace/script-maven-plugin/src/it/ruby
[INFO] 
[INFO] --- maven-resources-plugin:2.6:resources (default-resources) @ simple-it ---
[INFO] Using 'UTF-8' encoding to copy filtered resources.
[INFO] skip non existing resourceDirectory /home/yendoh/workspace/script-maven-plugin/src/it/ruby/src/main/resources
[INFO] 
[INFO] --- maven-compiler-plugin:3.1:compile (default-compile) @ simple-it ---
[INFO] No sources to compile
[INFO] 
[INFO] --- maven-resources-plugin:2.6:testResources (default-testResources) @ simple-it ---
[INFO] Using 'UTF-8' encoding to copy filtered resources.
[INFO] skip non existing resourceDirectory /home/yendoh/workspace/script-maven-plugin/src/it/ruby/src/test/resources
[INFO] 
[INFO] --- maven-compiler-plugin:3.1:testCompile (default-testCompile) @ simple-it ---
[INFO] No sources to compile
[INFO] 
[INFO] --- maven-surefire-plugin:2.12.4:test (default-test) @ simple-it ---
[INFO] No tests to run.
[INFO] 
[INFO] --- maven-jar-plugin:2.4:jar (default-jar) @ simple-it ---
[WARNING] JAR will be empty - no content was marked for inclusion!
[INFO] Building jar: /home/yendoh/workspace/script-maven-plugin/src/it/ruby/target/simple-it-1.0-SNAPSHOT.jar
[INFO] ------------------------------------------------------------------------
[INFO] BUILD SUCCESS
[INFO] ------------------------------------------------------------------------
[INFO] Total time: 6.825 s
[INFO] Finished at: 2015-02-22T22:18:03+09:00
[INFO] Final Memory: 24M/201M
[INFO] ------------------------------------------------------------------------
